2017-11-23 14:19:51.471 [main] INFO  com.jxt.Application - Starting Application on PC-201703211038 with PID 7876 (D:\shiro\springBoot\springBoot\blog\target\classes started by Administrator in D:\shiro\springBoot\springBoot\blog)
2017-11-23 14:19:51.478 [main] INFO  com.jxt.Application - No active profile set, falling back to default profiles: default
2017-11-23 14:19:51.630 [main] INFO  o.s.b.c.e.AnnotationConfigEmbeddedWebApplicationContext - Refreshing org.springframework.boot.context.embedded.AnnotationConfigEmbeddedWebApplicationContext@1750fbeb: startup date [Thu Nov 23 14:19:51 CST 2017]; root of context hierarchy
2017-11-23 14:19:52.476 [background-preinit] INFO  o.h.validator.internal.util.Version - HV000001: Hibernate Validator 5.3.5.Final
2017-11-23 14:19:54.979 [main] INFO  o.s.b.c.e.t.TomcatEmbeddedServletContainer - Tomcat initialized with port(s): 8081 (http)
2017-11-23 14:19:55.007 [main] INFO  o.a.catalina.core.StandardService - Starting service [Tomcat]
2017-11-23 14:19:55.009 [main] INFO  o.a.catalina.core.StandardEngine - Starting Servlet Engine: Apache Tomcat/8.5.20
2017-11-23 14:19:55.177 [localhost-startStop-1] INFO  o.a.c.c.C.[Tomcat].[localhost].[/] - Initializing Spring embedded WebApplicationContext
2017-11-23 14:19:55.178 [localhost-startStop-1] INFO  o.s.web.context.ContextLoader - Root WebApplicationContext: initialization completed in 3548 ms
2017-11-23 14:19:55.536 [localhost-startStop-1] INFO  o.s.b.w.s.ServletRegistrationBean - Mapping servlet: 'dispatcherServlet' to [/]
2017-11-23 14:19:55.545 [localhost-startStop-1] INFO  o.s.b.w.s.FilterRegistrationBean - Mapping filter: 'characterEncodingFilter' to: [/*]
2017-11-23 14:19:55.546 [localhost-startStop-1] INFO  o.s.b.w.s.FilterRegistrationBean - Mapping filter: 'hiddenHttpMethodFilter' to: [/*]
2017-11-23 14:19:55.546 [localhost-startStop-1] INFO  o.s.b.w.s.FilterRegistrationBean - Mapping filter: 'httpPutFormContentFilter' to: [/*]
2017-11-23 14:19:55.547 [localhost-startStop-1] INFO  o.s.b.w.s.FilterRegistrationBean - Mapping filter: 'requestContextFilter' to: [/*]
2017-11-23 14:19:56.966 [main] INFO  o.s.w.s.m.m.a.RequestMappingHandlerAdapter - Looking for @ControllerAdvice: org.springframework.boot.context.embedded.AnnotationConfigEmbeddedWebApplicationContext@1750fbeb: startup date [Thu Nov 23 14:19:51 CST 2017]; root of context hierarchy
2017-11-23 14:19:57.098 [main] INFO  o.s.w.s.m.m.a.RequestMappingHandlerMapping - Mapped "{[/test],methods=[GET]}" onto public java.lang.String com.jxt.controller.TestController.Test()
2017-11-23 14:19:57.104 [main] INFO  o.s.w.s.m.m.a.RequestMappingHandlerMapping - Mapped "{[/error]}" onto public org.springframework.http.ResponseEntity<java.util.Map<java.lang.String, java.lang.Object>> org.springframework.boot.autoconfigure.web.BasicErrorController.error(javax.servlet.http.HttpServletRequest)
2017-11-23 14:19:57.105 [main] INFO  o.s.w.s.m.m.a.RequestMappingHandlerMapping - Mapped "{[/error],produces=[text/html]}" onto public org.springframework.web.servlet.ModelAndView org.springframework.boot.autoconfigure.web.BasicErrorController.errorHtml(javax.servlet.http.HttpServletRequest,javax.servlet.http.HttpServletResponse)
2017-11-23 14:19:57.173 [main] INFO  o.s.w.s.h.SimpleUrlHandlerMapping - Mapped URL path [/webjars/**] onto handler of type [class org.springframework.web.servlet.resource.ResourceHttpRequestHandler]
2017-11-23 14:19:57.173 [main] INFO  o.s.w.s.h.SimpleUrlHandlerMapping - Mapped URL path [/**] onto handler of type [class org.springframework.web.servlet.resource.ResourceHttpRequestHandler]
2017-11-23 14:19:57.241 [main] INFO  o.s.w.s.h.SimpleUrlHandlerMapping - Mapped URL path [/**/favicon.ico] onto handler of type [class org.springframework.web.servlet.resource.ResourceHttpRequestHandler]
2017-11-23 14:19:57.819 [main] INFO  o.s.j.e.a.AnnotationMBeanExporter - Registering beans for JMX exposure on startup
2017-11-23 14:19:57.844 [main] INFO  o.s.s.a.ScheduledAnnotationBeanPostProcessor - No TaskScheduler/ScheduledExecutorService bean found for scheduled processing
2017-11-23 14:19:57.874 [main] INFO  o.a.coyote.http11.Http11NioProtocol - Initializing ProtocolHandler ["http-nio-8081"]
2017-11-23 14:19:57.900 [main] INFO  o.a.coyote.http11.Http11NioProtocol - Starting ProtocolHandler ["http-nio-8081"]
2017-11-23 14:19:57.919 [main] ERROR o.a.coyote.http11.Http11NioProtocol - Failed to start end point associated with ProtocolHandler ["http-nio-8081"]
java.net.BindException: Address already in use: bind
	at sun.nio.ch.Net.bind0(Native Method)
	at sun.nio.ch.Net.bind(Net.java:433)
	at sun.nio.ch.Net.bind(Net.java:425)
	at sun.nio.ch.ServerSocketChannelImpl.bind(ServerSocketChannelImpl.java:223)
	at sun.nio.ch.ServerSocketAdaptor.bind(ServerSocketAdaptor.java:74)
	at org.apache.tomcat.util.net.NioEndpoint.bind(NioEndpoint.java:210)
	at org.apache.tomcat.util.net.AbstractEndpoint.start(AbstractEndpoint.java:990)
	at org.apache.coyote.AbstractProtocol.start(AbstractProtocol.java:635)
	at org.apache.catalina.connector.Connector.startInternal(Connector.java:1022)
	at org.apache.catalina.util.LifecycleBase.start(LifecycleBase.java:150)
	at org.apache.catalina.core.StandardService.addConnector(StandardService.java:225)
	at org.springframework.boot.context.embedded.tomcat.TomcatEmbeddedServletContainer.addPreviouslyRemovedConnectors(TomcatEmbeddedServletContainer.java:250)
	at org.springframework.boot.context.embedded.tomcat.TomcatEmbeddedServletContainer.start(TomcatEmbeddedServletContainer.java:193)
	at org.springframework.boot.context.embedded.EmbeddedWebApplicationContext.startEmbeddedServletContainer(EmbeddedWebApplicationContext.java:297)
	at org.springframework.boot.context.embedded.EmbeddedWebApplicationContext.finishRefresh(EmbeddedWebApplicationContext.java:145)
	at org.springframework.context.support.AbstractApplicationContext.refresh(AbstractApplicationContext.java:546)
	at org.springframework.boot.context.embedded.EmbeddedWebApplicationContext.refresh(EmbeddedWebApplicationContext.java:122)
	at org.springframework.boot.SpringApplication.refresh(SpringApplication.java:693)
	at org.springframework.boot.SpringApplication.refreshContext(SpringApplication.java:360)
	at org.springframework.boot.SpringApplication.run(SpringApplication.java:303)
	at org.springframework.boot.SpringApplication.run(SpringApplication.java:1118)
	at org.springframework.boot.SpringApplication.run(SpringApplication.java:1107)
	at com.jxt.Application.main(Application.java:32)
2017-11-23 14:19:57.920 [main] ERROR o.a.catalina.core.StandardService - Failed to start connector [Connector[HTTP/1.1-8081]]
org.apache.catalina.LifecycleException: Failed to start component [Connector[HTTP/1.1-8081]]
	at org.apache.catalina.util.LifecycleBase.start(LifecycleBase.java:167)
	at org.apache.catalina.core.StandardService.addConnector(StandardService.java:225)
	at org.springframework.boot.context.embedded.tomcat.TomcatEmbeddedServletContainer.addPreviouslyRemovedConnectors(TomcatEmbeddedServletContainer.java:250)
	at org.springframework.boot.context.embedded.tomcat.TomcatEmbeddedServletContainer.start(TomcatEmbeddedServletContainer.java:193)
	at org.springframework.boot.context.embedded.EmbeddedWebApplicationContext.startEmbeddedServletContainer(EmbeddedWebApplicationContext.java:297)
	at org.springframework.boot.context.embedded.EmbeddedWebApplicationContext.finishRefresh(EmbeddedWebApplicationContext.java:145)
	at org.springframework.context.support.AbstractApplicationContext.refresh(AbstractApplicationContext.java:546)
	at org.springframework.boot.context.embedded.EmbeddedWebApplicationContext.refresh(EmbeddedWebApplicationContext.java:122)
	at org.springframework.boot.SpringApplication.refresh(SpringApplication.java:693)
	at org.springframework.boot.SpringApplication.refreshContext(SpringApplication.java:360)
	at org.springframework.boot.SpringApplication.run(SpringApplication.java:303)
	at org.springframework.boot.SpringApplication.run(SpringApplication.java:1118)
	at org.springframework.boot.SpringApplication.run(SpringApplication.java:1107)
	at com.jxt.Application.main(Application.java:32)
Caused by: org.apache.catalina.LifecycleException: service.getName(): "Tomcat";  Protocol handler start failed
	at org.apache.catalina.connector.Connector.startInternal(Connector.java:1029)
	at org.apache.catalina.util.LifecycleBase.start(LifecycleBase.java:150)
	... 13 common frames omitted
Caused by: java.net.BindException: Address already in use: bind
	at sun.nio.ch.Net.bind0(Native Method)
	at sun.nio.ch.Net.bind(Net.java:433)
	at sun.nio.ch.Net.bind(Net.java:425)
	at sun.nio.ch.ServerSocketChannelImpl.bind(ServerSocketChannelImpl.java:223)
	at sun.nio.ch.ServerSocketAdaptor.bind(ServerSocketAdaptor.java:74)
	at org.apache.tomcat.util.net.NioEndpoint.bind(NioEndpoint.java:210)
	at org.apache.tomcat.util.net.AbstractEndpoint.start(AbstractEndpoint.java:990)
	at org.apache.coyote.AbstractProtocol.start(AbstractProtocol.java:635)
	at org.apache.catalina.connector.Connector.startInternal(Connector.java:1022)
	... 14 common frames omitted
2017-11-23 14:19:57.939 [main] INFO  o.a.coyote.http11.Http11NioProtocol - Pausing ProtocolHandler ["http-nio-8081"]
2017-11-23 14:19:57.939 [main] INFO  o.a.catalina.core.StandardService - Stopping service [Tomcat]
2017-11-23 14:19:57.964 [localhost-startStop-1] WARN  o.a.c.loader.WebappClassLoaderBase - The web application [ROOT] appears to have started a thread named [Abandoned connection cleanup thread] but has failed to stop it. This is very likely to create a memory leak. Stack trace of thread:
 java.lang.Object.wait(Native Method)
 java.lang.ref.ReferenceQueue.remove(ReferenceQueue.java:143)
 com.mysql.jdbc.AbandonedConnectionCleanupThread.run(AbandonedConnectionCleanupThread.java:43)
2017-11-23 14:19:57.988 [main] INFO  o.apache.catalina.util.LifecycleBase - The stop() method was called on component [StandardServer[-1]] after stop() had already been called. The second call will be ignored.
2017-11-23 14:19:57.988 [main] INFO  o.a.coyote.http11.Http11NioProtocol - Stopping ProtocolHandler ["http-nio-8081"]
2017-11-23 14:19:57.989 [main] INFO  o.a.coyote.http11.Http11NioProtocol - Destroying ProtocolHandler ["http-nio-8081"]
2017-11-23 14:19:57.996 [main] INFO  o.s.b.a.l.AutoConfigurationReportLoggingInitializer - 

Error starting ApplicationContext. To display the auto-configuration report re-run your application with 'debug' enabled.
2017-11-23 14:19:58.003 [main] ERROR o.s.b.d.LoggingFailureAnalysisReporter - 

***************************
APPLICATION FAILED TO START
***************************

Description:

The Tomcat connector configured to listen on port 8081 failed to start. The port may already be in use or the connector may be misconfigured.

Action:

Verify the connector's configuration, identify and stop any process that's listening on port 8081, or configure this application to listen on another port.

2017-11-23 14:19:58.019 [main] INFO  o.s.b.c.e.AnnotationConfigEmbeddedWebApplicationContext - Closing org.springframework.boot.context.embedded.AnnotationConfigEmbeddedWebApplicationContext@1750fbeb: startup date [Thu Nov 23 14:19:51 CST 2017]; root of context hierarchy
2017-11-23 14:19:58.021 [main] INFO  o.s.j.e.a.AnnotationMBeanExporter - Unregistering JMX-exposed beans on shutdown
2017-11-23 14:20:21.096 [main] INFO  com.jxt.Application - Starting Application on PC-201703211038 with PID 7752 (D:\shiro\springBoot\springBoot\blog\target\classes started by Administrator in D:\shiro\springBoot\springBoot\blog)
2017-11-23 14:20:21.102 [main] INFO  com.jxt.Application - No active profile set, falling back to default profiles: default
2017-11-23 14:20:21.234 [main] INFO  o.s.b.c.e.AnnotationConfigEmbeddedWebApplicationContext - Refreshing org.springframework.boot.context.embedded.AnnotationConfigEmbeddedWebApplicationContext@1750fbeb: startup date [Thu Nov 23 14:20:21 CST 2017]; root of context hierarchy
2017-11-23 14:20:22.381 [background-preinit] INFO  o.h.validator.internal.util.Version - HV000001: Hibernate Validator 5.3.5.Final
2017-11-23 14:20:25.075 [main] INFO  o.s.b.c.e.t.TomcatEmbeddedServletContainer - Tomcat initialized with port(s): 8081 (http)
2017-11-23 14:20:25.100 [main] INFO  o.a.catalina.core.StandardService - Starting service [Tomcat]
2017-11-23 14:20:25.102 [main] INFO  o.a.catalina.core.StandardEngine - Starting Servlet Engine: Apache Tomcat/8.5.20
2017-11-23 14:20:25.291 [localhost-startStop-1] INFO  o.a.c.c.C.[Tomcat].[localhost].[/] - Initializing Spring embedded WebApplicationContext
2017-11-23 14:20:25.292 [localhost-startStop-1] INFO  o.s.web.context.ContextLoader - Root WebApplicationContext: initialization completed in 4058 ms
2017-11-23 14:20:25.627 [localhost-startStop-1] INFO  o.s.b.w.s.ServletRegistrationBean - Mapping servlet: 'dispatcherServlet' to [/]
2017-11-23 14:20:25.635 [localhost-startStop-1] INFO  o.s.b.w.s.FilterRegistrationBean - Mapping filter: 'characterEncodingFilter' to: [/*]
2017-11-23 14:20:25.636 [localhost-startStop-1] INFO  o.s.b.w.s.FilterRegistrationBean - Mapping filter: 'hiddenHttpMethodFilter' to: [/*]
2017-11-23 14:20:25.637 [localhost-startStop-1] INFO  o.s.b.w.s.FilterRegistrationBean - Mapping filter: 'httpPutFormContentFilter' to: [/*]
2017-11-23 14:20:25.637 [localhost-startStop-1] INFO  o.s.b.w.s.FilterRegistrationBean - Mapping filter: 'requestContextFilter' to: [/*]
2017-11-23 14:20:27.016 [main] INFO  o.s.w.s.m.m.a.RequestMappingHandlerAdapter - Looking for @ControllerAdvice: org.springframework.boot.context.embedded.AnnotationConfigEmbeddedWebApplicationContext@1750fbeb: startup date [Thu Nov 23 14:20:21 CST 2017]; root of context hierarchy
2017-11-23 14:20:27.152 [main] INFO  o.s.w.s.m.m.a.RequestMappingHandlerMapping - Mapped "{[/test],methods=[GET]}" onto public java.lang.String com.jxt.controller.TestController.Test()
2017-11-23 14:20:27.158 [main] INFO  o.s.w.s.m.m.a.RequestMappingHandlerMapping - Mapped "{[/error]}" onto public org.springframework.http.ResponseEntity<java.util.Map<java.lang.String, java.lang.Object>> org.springframework.boot.autoconfigure.web.BasicErrorController.error(javax.servlet.http.HttpServletRequest)
2017-11-23 14:20:27.159 [main] INFO  o.s.w.s.m.m.a.RequestMappingHandlerMapping - Mapped "{[/error],produces=[text/html]}" onto public org.springframework.web.servlet.ModelAndView org.springframework.boot.autoconfigure.web.BasicErrorController.errorHtml(javax.servlet.http.HttpServletRequest,javax.servlet.http.HttpServletResponse)
2017-11-23 14:20:27.212 [main] INFO  o.s.w.s.h.SimpleUrlHandlerMapping - Mapped URL path [/webjars/**] onto handler of type [class org.springframework.web.servlet.resource.ResourceHttpRequestHandler]
2017-11-23 14:20:27.212 [main] INFO  o.s.w.s.h.SimpleUrlHandlerMapping - Mapped URL path [/**] onto handler of type [class org.springframework.web.servlet.resource.ResourceHttpRequestHandler]
2017-11-23 14:20:27.300 [main] INFO  o.s.w.s.h.SimpleUrlHandlerMapping - Mapped URL path [/**/favicon.ico] onto handler of type [class org.springframework.web.servlet.resource.ResourceHttpRequestHandler]
2017-11-23 14:20:27.937 [main] INFO  o.s.j.e.a.AnnotationMBeanExporter - Registering beans for JMX exposure on startup
2017-11-23 14:20:27.971 [main] INFO  o.s.s.a.ScheduledAnnotationBeanPostProcessor - No TaskScheduler/ScheduledExecutorService bean found for scheduled processing
2017-11-23 14:20:27.995 [main] INFO  o.a.coyote.http11.Http11NioProtocol - Initializing ProtocolHandler ["http-nio-8081"]
2017-11-23 14:20:28.021 [main] INFO  o.a.coyote.http11.Http11NioProtocol - Starting ProtocolHandler ["http-nio-8081"]
2017-11-23 14:20:28.048 [main] INFO  o.a.tomcat.util.net.NioSelectorPool - Using a shared selector for servlet write/read
2017-11-23 14:20:28.085 [main] INFO  o.s.b.c.e.t.TomcatEmbeddedServletContainer - Tomcat started on port(s): 8081 (http)
2017-11-23 14:20:28.095 [main] INFO  com.jxt.Application - Started Application in 7.542 seconds (JVM running for 8.786)
2017-11-23 14:20:54.297 [http-nio-8081-exec-1] INFO  o.a.c.c.C.[Tomcat].[localhost].[/] - Initializing Spring FrameworkServlet 'dispatcherServlet'
2017-11-23 14:20:54.297 [http-nio-8081-exec-1] INFO  o.s.web.servlet.DispatcherServlet - FrameworkServlet 'dispatcherServlet': initialization started
2017-11-23 14:20:54.346 [http-nio-8081-exec-1] INFO  o.s.web.servlet.DispatcherServlet - FrameworkServlet 'dispatcherServlet': initialization completed in 49 ms
2017-11-23 14:21:07.224 [http-nio-8081-exec-1] DEBUG com.jxt.dao.TestMapper.test - ==>  Preparing: select id,name from test 
2017-11-23 14:21:07.227 [pool-1-thread-1] DEBUG com.jxt.dao.TestMapper.connectMysql - ==>  Preparing: select 1 from dual 
2017-11-23 14:21:07.259 [pool-1-thread-1] DEBUG com.jxt.dao.TestMapper.connectMysql - ==> Parameters: 
2017-11-23 14:21:07.259 [http-nio-8081-exec-1] DEBUG com.jxt.dao.TestMapper.test - ==> Parameters: 
2017-11-23 14:21:07.286 [pool-1-thread-1] DEBUG com.jxt.dao.TestMapper.connectMysql - <==      Total: 1
2017-11-23 14:21:07.288 [http-nio-8081-exec-1] DEBUG com.jxt.dao.TestMapper.test - <==      Total: 1
2017-11-23 14:22:00.002 [pool-1-thread-1] DEBUG com.jxt.dao.TestMapper.connectMysql - ==>  Preparing: select 1 from dual 
2017-11-23 14:22:00.003 [pool-1-thread-1] DEBUG com.jxt.dao.TestMapper.connectMysql - ==> Parameters: 
2017-11-23 14:22:00.011 [pool-1-thread-1] DEBUG com.jxt.dao.TestMapper.connectMysql - <==      Total: 1
2017-11-23 14:27:00.001 [pool-1-thread-1] DEBUG com.jxt.dao.TestMapper.connectMysql - ==>  Preparing: select 1 from dual 
2017-11-23 14:27:00.002 [pool-1-thread-1] DEBUG com.jxt.dao.TestMapper.connectMysql - ==> Parameters: 
2017-11-23 14:27:00.009 [pool-1-thread-1] DEBUG com.jxt.dao.TestMapper.connectMysql - <==      Total: 1
2017-11-23 14:27:59.982 [http-nio-8081-exec-5] DEBUG com.jxt.dao.TestMapper.test - ==>  Preparing: select id,name from test 
2017-11-23 14:27:59.982 [http-nio-8081-exec-5] DEBUG com.jxt.dao.TestMapper.test - ==> Parameters: 
2017-11-23 14:27:59.997 [http-nio-8081-exec-5] DEBUG com.jxt.dao.TestMapper.test - <==      Total: 1
2017-11-23 14:28:00.002 [pool-1-thread-1] DEBUG com.jxt.dao.TestMapper.connectMysql - ==>  Preparing: select 1 from dual 
2017-11-23 14:28:00.002 [pool-1-thread-1] DEBUG com.jxt.dao.TestMapper.connectMysql - ==> Parameters: 
2017-11-23 14:28:00.010 [pool-1-thread-1] DEBUG com.jxt.dao.TestMapper.connectMysql - <==      Total: 1
2017-11-23 14:29:00.001 [pool-1-thread-1] DEBUG com.jxt.dao.TestMapper.connectMysql - ==>  Preparing: select 1 from dual 
2017-11-23 14:29:00.002 [pool-1-thread-1] DEBUG com.jxt.dao.TestMapper.connectMysql - ==> Parameters: 
2017-11-23 14:29:00.039 [pool-1-thread-1] DEBUG com.jxt.dao.TestMapper.connectMysql - <==      Total: 1
2017-11-23 14:30:00.001 [pool-1-thread-1] DEBUG com.jxt.dao.TestMapper.connectMysql - ==>  Preparing: select 1 from dual 
2017-11-23 14:30:00.002 [pool-1-thread-1] DEBUG com.jxt.dao.TestMapper.connectMysql - ==> Parameters: 
2017-11-23 14:30:00.010 [pool-1-thread-1] DEBUG com.jxt.dao.TestMapper.connectMysql - <==      Total: 1
2017-11-23 14:31:00.001 [pool-1-thread-1] DEBUG com.jxt.dao.TestMapper.connectMysql - ==>  Preparing: select 1 from dual 
2017-11-23 14:31:00.002 [pool-1-thread-1] DEBUG com.jxt.dao.TestMapper.connectMysql - ==> Parameters: 
2017-11-23 14:31:00.009 [pool-1-thread-1] DEBUG com.jxt.dao.TestMapper.connectMysql - <==      Total: 1
2017-11-23 14:32:00.001 [pool-1-thread-1] DEBUG com.jxt.dao.TestMapper.connectMysql - ==>  Preparing: select 1 from dual 
2017-11-23 14:32:00.002 [pool-1-thread-1] DEBUG com.jxt.dao.TestMapper.connectMysql - ==> Parameters: 
2017-11-23 14:32:00.010 [pool-1-thread-1] DEBUG com.jxt.dao.TestMapper.connectMysql - <==      Total: 1
2017-11-23 14:33:00.002 [pool-1-thread-1] DEBUG com.jxt.dao.TestMapper.connectMysql - ==>  Preparing: select 1 from dual 
2017-11-23 14:33:00.002 [pool-1-thread-1] DEBUG com.jxt.dao.TestMapper.connectMysql - ==> Parameters: 
2017-11-23 14:33:00.009 [pool-1-thread-1] DEBUG com.jxt.dao.TestMapper.connectMysql - <==      Total: 1
2017-11-23 14:34:00.001 [pool-1-thread-1] DEBUG com.jxt.dao.TestMapper.connectMysql - ==>  Preparing: select 1 from dual 
2017-11-23 14:34:00.001 [pool-1-thread-1] DEBUG com.jxt.dao.TestMapper.connectMysql - ==> Parameters: 
2017-11-23 14:34:00.008 [pool-1-thread-1] DEBUG com.jxt.dao.TestMapper.connectMysql - <==      Total: 1
2017-11-23 14:35:00.002 [pool-1-thread-1] DEBUG com.jxt.dao.TestMapper.connectMysql - ==>  Preparing: select 1 from dual 
2017-11-23 14:35:00.002 [pool-1-thread-1] DEBUG com.jxt.dao.TestMapper.connectMysql - ==> Parameters: 
2017-11-23 14:35:00.011 [pool-1-thread-1] DEBUG com.jxt.dao.TestMapper.connectMysql - <==      Total: 1
2017-11-23 14:36:00.001 [pool-1-thread-1] DEBUG com.jxt.dao.TestMapper.connectMysql - ==>  Preparing: select 1 from dual 
2017-11-23 14:36:00.002 [pool-1-thread-1] DEBUG com.jxt.dao.TestMapper.connectMysql - ==> Parameters: 
2017-11-23 14:36:00.009 [pool-1-thread-1] DEBUG com.jxt.dao.TestMapper.connectMysql - <==      Total: 1
2017-11-23 14:37:00.001 [pool-1-thread-1] DEBUG com.jxt.dao.TestMapper.connectMysql - ==>  Preparing: select 1 from dual 
2017-11-23 14:37:00.001 [pool-1-thread-1] DEBUG com.jxt.dao.TestMapper.connectMysql - ==> Parameters: 
2017-11-23 14:37:00.009 [pool-1-thread-1] DEBUG com.jxt.dao.TestMapper.connectMysql - <==      Total: 1
2017-11-23 14:38:00.003 [pool-1-thread-1] DEBUG com.jxt.dao.TestMapper.connectMysql - ==>  Preparing: select 1 from dual 
2017-11-23 14:38:00.004 [pool-1-thread-1] DEBUG com.jxt.dao.TestMapper.connectMysql - ==> Parameters: 
2017-11-23 14:38:00.013 [pool-1-thread-1] DEBUG com.jxt.dao.TestMapper.connectMysql - <==      Total: 1
2017-11-23 14:39:00.001 [pool-1-thread-1] DEBUG com.jxt.dao.TestMapper.connectMysql - ==>  Preparing: select 1 from dual 
2017-11-23 14:39:00.003 [pool-1-thread-1] DEBUG com.jxt.dao.TestMapper.connectMysql - ==> Parameters: 
2017-11-23 14:39:00.015 [pool-1-thread-1] DEBUG com.jxt.dao.TestMapper.connectMysql - <==      Total: 1
2017-11-23 14:40:00.003 [pool-1-thread-1] DEBUG com.jxt.dao.TestMapper.connectMysql - ==>  Preparing: select 1 from dual 
2017-11-23 14:40:00.004 [pool-1-thread-1] DEBUG com.jxt.dao.TestMapper.connectMysql - ==> Parameters: 
2017-11-23 14:40:00.011 [pool-1-thread-1] DEBUG com.jxt.dao.TestMapper.connectMysql - <==      Total: 1
2017-11-23 14:41:00.001 [pool-1-thread-1] DEBUG com.jxt.dao.TestMapper.connectMysql - ==>  Preparing: select 1 from dual 
2017-11-23 14:41:00.001 [pool-1-thread-1] DEBUG com.jxt.dao.TestMapper.connectMysql - ==> Parameters: 
2017-11-23 14:41:00.009 [pool-1-thread-1] DEBUG com.jxt.dao.TestMapper.connectMysql - <==      Total: 1
2017-11-23 14:42:00.002 [pool-1-thread-1] DEBUG com.jxt.dao.TestMapper.connectMysql - ==>  Preparing: select 1 from dual 
2017-11-23 14:42:00.002 [pool-1-thread-1] DEBUG com.jxt.dao.TestMapper.connectMysql - ==> Parameters: 
2017-11-23 14:42:00.010 [pool-1-thread-1] DEBUG com.jxt.dao.TestMapper.connectMysql - <==      Total: 1
2017-11-23 14:43:00.001 [pool-1-thread-1] DEBUG com.jxt.dao.TestMapper.connectMysql - ==>  Preparing: select 1 from dual 
2017-11-23 14:43:00.001 [pool-1-thread-1] DEBUG com.jxt.dao.TestMapper.connectMysql - ==> Parameters: 
2017-11-23 14:43:00.010 [pool-1-thread-1] DEBUG com.jxt.dao.TestMapper.connectMysql - <==      Total: 1
2017-11-23 14:44:00.002 [pool-1-thread-1] DEBUG com.jxt.dao.TestMapper.connectMysql - ==>  Preparing: select 1 from dual 
2017-11-23 14:44:00.003 [pool-1-thread-1] DEBUG com.jxt.dao.TestMapper.connectMysql - ==> Parameters: 
2017-11-23 14:44:00.010 [pool-1-thread-1] DEBUG com.jxt.dao.TestMapper.connectMysql - <==      Total: 1
2017-11-23 14:45:00.001 [pool-1-thread-1] DEBUG com.jxt.dao.TestMapper.connectMysql - ==>  Preparing: select 1 from dual 
2017-11-23 14:45:00.001 [pool-1-thread-1] DEBUG com.jxt.dao.TestMapper.connectMysql - ==> Parameters: 
2017-11-23 14:45:00.009 [pool-1-thread-1] DEBUG com.jxt.dao.TestMapper.connectMysql - <==      Total: 1
2017-11-23 14:46:00.001 [pool-1-thread-1] DEBUG com.jxt.dao.TestMapper.connectMysql - ==>  Preparing: select 1 from dual 
2017-11-23 14:46:00.001 [pool-1-thread-1] DEBUG com.jxt.dao.TestMapper.connectMysql - ==> Parameters: 
2017-11-23 14:46:00.008 [pool-1-thread-1] DEBUG com.jxt.dao.TestMapper.connectMysql - <==      Total: 1
2017-11-23 14:47:00.002 [pool-1-thread-1] DEBUG com.jxt.dao.TestMapper.connectMysql - ==>  Preparing: select 1 from dual 
2017-11-23 14:47:00.003 [pool-1-thread-1] DEBUG com.jxt.dao.TestMapper.connectMysql - ==> Parameters: 
2017-11-23 14:47:00.010 [pool-1-thread-1] DEBUG com.jxt.dao.TestMapper.connectMysql - <==      Total: 1
2017-11-23 14:48:00.001 [pool-1-thread-1] DEBUG com.jxt.dao.TestMapper.connectMysql - ==>  Preparing: select 1 from dual 
2017-11-23 14:48:00.001 [pool-1-thread-1] DEBUG com.jxt.dao.TestMapper.connectMysql - ==> Parameters: 
2017-11-23 14:48:00.009 [pool-1-thread-1] DEBUG com.jxt.dao.TestMapper.connectMysql - <==      Total: 1
2017-11-23 14:49:00.002 [pool-1-thread-1] DEBUG com.jxt.dao.TestMapper.connectMysql - ==>  Preparing: select 1 from dual 
2017-11-23 14:49:00.002 [pool-1-thread-1] DEBUG com.jxt.dao.TestMapper.connectMysql - ==> Parameters: 
2017-11-23 14:49:00.009 [pool-1-thread-1] DEBUG com.jxt.dao.TestMapper.connectMysql - <==      Total: 1
2017-11-23 14:50:00.001 [pool-1-thread-1] DEBUG com.jxt.dao.TestMapper.connectMysql - ==>  Preparing: select 1 from dual 
2017-11-23 14:50:00.002 [pool-1-thread-1] DEBUG com.jxt.dao.TestMapper.connectMysql - ==> Parameters: 
2017-11-23 14:50:00.010 [pool-1-thread-1] DEBUG com.jxt.dao.TestMapper.connectMysql - <==      Total: 1
2017-11-23 14:51:00.002 [pool-1-thread-1] DEBUG com.jxt.dao.TestMapper.connectMysql - ==>  Preparing: select 1 from dual 
2017-11-23 14:51:00.002 [pool-1-thread-1] DEBUG com.jxt.dao.TestMapper.connectMysql - ==> Parameters: 
2017-11-23 14:51:00.010 [pool-1-thread-1] DEBUG com.jxt.dao.TestMapper.connectMysql - <==      Total: 1
2017-11-23 14:52:00.001 [pool-1-thread-1] DEBUG com.jxt.dao.TestMapper.connectMysql - ==>  Preparing: select 1 from dual 
2017-11-23 14:52:00.002 [pool-1-thread-1] DEBUG com.jxt.dao.TestMapper.connectMysql - ==> Parameters: 
2017-11-23 14:52:00.009 [pool-1-thread-1] DEBUG com.jxt.dao.TestMapper.connectMysql - <==      Total: 1
2017-11-23 14:53:00.002 [pool-1-thread-1] DEBUG com.jxt.dao.TestMapper.connectMysql - ==>  Preparing: select 1 from dual 
2017-11-23 14:53:00.003 [pool-1-thread-1] DEBUG com.jxt.dao.TestMapper.connectMysql - ==> Parameters: 
2017-11-23 14:53:00.010 [pool-1-thread-1] DEBUG com.jxt.dao.TestMapper.connectMysql - <==      Total: 1
2017-11-23 14:54:00.002 [pool-1-thread-1] DEBUG com.jxt.dao.TestMapper.connectMysql - ==>  Preparing: select 1 from dual 
2017-11-23 14:54:00.002 [pool-1-thread-1] DEBUG com.jxt.dao.TestMapper.connectMysql - ==> Parameters: 
2017-11-23 14:54:00.011 [pool-1-thread-1] DEBUG com.jxt.dao.TestMapper.connectMysql - <==      Total: 1
2017-11-23 14:55:00.001 [pool-1-thread-1] DEBUG com.jxt.dao.TestMapper.connectMysql - ==>  Preparing: select 1 from dual 
2017-11-23 14:55:00.002 [pool-1-thread-1] DEBUG com.jxt.dao.TestMapper.connectMysql - ==> Parameters: 
2017-11-23 14:55:00.009 [pool-1-thread-1] DEBUG com.jxt.dao.TestMapper.connectMysql - <==      Total: 1
2017-11-23 14:56:00.002 [pool-1-thread-1] DEBUG com.jxt.dao.TestMapper.connectMysql - ==>  Preparing: select 1 from dual 
2017-11-23 14:56:00.002 [pool-1-thread-1] DEBUG com.jxt.dao.TestMapper.connectMysql - ==> Parameters: 
2017-11-23 14:56:00.010 [pool-1-thread-1] DEBUG com.jxt.dao.TestMapper.connectMysql - <==      Total: 1
2017-11-23 14:57:00.001 [pool-1-thread-1] DEBUG com.jxt.dao.TestMapper.connectMysql - ==>  Preparing: select 1 from dual 
2017-11-23 14:57:00.002 [pool-1-thread-1] DEBUG com.jxt.dao.TestMapper.connectMysql - ==> Parameters: 
2017-11-23 14:57:00.008 [pool-1-thread-1] DEBUG com.jxt.dao.TestMapper.connectMysql - <==      Total: 1
2017-11-23 14:58:00.002 [pool-1-thread-1] DEBUG com.jxt.dao.TestMapper.connectMysql - ==>  Preparing: select 1 from dual 
2017-11-23 14:58:00.002 [pool-1-thread-1] DEBUG com.jxt.dao.TestMapper.connectMysql - ==> Parameters: 
2017-11-23 14:58:00.009 [pool-1-thread-1] DEBUG com.jxt.dao.TestMapper.connectMysql - <==      Total: 1
2017-11-23 14:59:00.001 [pool-1-thread-1] DEBUG com.jxt.dao.TestMapper.connectMysql - ==>  Preparing: select 1 from dual 
2017-11-23 14:59:00.002 [pool-1-thread-1] DEBUG com.jxt.dao.TestMapper.connectMysql - ==> Parameters: 
2017-11-23 14:59:00.009 [pool-1-thread-1] DEBUG com.jxt.dao.TestMapper.connectMysql - <==      Total: 1
2017-11-23 15:00:00.001 [pool-1-thread-1] DEBUG com.jxt.dao.TestMapper.connectMysql - ==>  Preparing: select 1 from dual 
2017-11-23 15:00:00.001 [pool-1-thread-1] DEBUG com.jxt.dao.TestMapper.connectMysql - ==> Parameters: 
2017-11-23 15:00:00.009 [pool-1-thread-1] DEBUG com.jxt.dao.TestMapper.connectMysql - <==      Total: 1
2017-11-23 15:01:00.002 [pool-1-thread-1] DEBUG com.jxt.dao.TestMapper.connectMysql - ==>  Preparing: select 1 from dual 
2017-11-23 15:01:00.002 [pool-1-thread-1] DEBUG com.jxt.dao.TestMapper.connectMysql - ==> Parameters: 
2017-11-23 15:01:00.010 [pool-1-thread-1] DEBUG com.jxt.dao.TestMapper.connectMysql - <==      Total: 1
2017-11-23 15:02:00.001 [pool-1-thread-1] DEBUG com.jxt.dao.TestMapper.connectMysql - ==>  Preparing: select 1 from dual 
2017-11-23 15:02:00.002 [pool-1-thread-1] DEBUG com.jxt.dao.TestMapper.connectMysql - ==> Parameters: 
2017-11-23 15:02:00.011 [pool-1-thread-1] DEBUG com.jxt.dao.TestMapper.connectMysql - <==      Total: 1
2017-11-23 15:03:00.002 [pool-1-thread-1] DEBUG com.jxt.dao.TestMapper.connectMysql - ==>  Preparing: select 1 from dual 
2017-11-23 15:03:00.002 [pool-1-thread-1] DEBUG com.jxt.dao.TestMapper.connectMysql - ==> Parameters: 
2017-11-23 15:03:00.010 [pool-1-thread-1] DEBUG com.jxt.dao.TestMapper.connectMysql - <==      Total: 1
2017-11-23 15:04:00.001 [pool-1-thread-1] DEBUG com.jxt.dao.TestMapper.connectMysql - ==>  Preparing: select 1 from dual 
2017-11-23 15:04:00.001 [pool-1-thread-1] DEBUG com.jxt.dao.TestMapper.connectMysql - ==> Parameters: 
2017-11-23 15:04:00.009 [pool-1-thread-1] DEBUG com.jxt.dao.TestMapper.connectMysql - <==      Total: 1
2017-11-23 15:05:00.002 [pool-1-thread-1] DEBUG com.jxt.dao.TestMapper.connectMysql - ==>  Preparing: select 1 from dual 
2017-11-23 15:05:00.004 [pool-1-thread-1] DEBUG com.jxt.dao.TestMapper.connectMysql - ==> Parameters: 
2017-11-23 15:05:00.011 [pool-1-thread-1] DEBUG com.jxt.dao.TestMapper.connectMysql - <==      Total: 1
2017-11-23 15:06:00.001 [pool-1-thread-1] DEBUG com.jxt.dao.TestMapper.connectMysql - ==>  Preparing: select 1 from dual 
2017-11-23 15:06:00.002 [pool-1-thread-1] DEBUG com.jxt.dao.TestMapper.connectMysql - ==> Parameters: 
2017-11-23 15:06:00.009 [pool-1-thread-1] DEBUG com.jxt.dao.TestMapper.connectMysql - <==      Total: 1
2017-11-23 15:07:00.001 [pool-1-thread-1] DEBUG com.jxt.dao.TestMapper.connectMysql - ==>  Preparing: select 1 from dual 
2017-11-23 15:07:00.001 [pool-1-thread-1] DEBUG com.jxt.dao.TestMapper.connectMysql - ==> Parameters: 
2017-11-23 15:07:00.009 [pool-1-thread-1] DEBUG com.jxt.dao.TestMapper.connectMysql - <==      Total: 1
2017-11-23 15:08:00.002 [pool-1-thread-1] DEBUG com.jxt.dao.TestMapper.connectMysql - ==>  Preparing: select 1 from dual 
2017-11-23 15:08:00.003 [pool-1-thread-1] DEBUG com.jxt.dao.TestMapper.connectMysql - ==> Parameters: 
2017-11-23 15:08:00.010 [pool-1-thread-1] DEBUG com.jxt.dao.TestMapper.connectMysql - <==      Total: 1
2017-11-23 15:09:00.001 [pool-1-thread-1] DEBUG com.jxt.dao.TestMapper.connectMysql - ==>  Preparing: select 1 from dual 
2017-11-23 15:09:00.001 [pool-1-thread-1] DEBUG com.jxt.dao.TestMapper.connectMysql - ==> Parameters: 
2017-11-23 15:09:00.009 [pool-1-thread-1] DEBUG com.jxt.dao.TestMapper.connectMysql - <==      Total: 1
2017-11-23 15:10:00.003 [pool-1-thread-1] DEBUG com.jxt.dao.TestMapper.connectMysql - ==>  Preparing: select 1 from dual 
2017-11-23 15:10:00.003 [pool-1-thread-1] DEBUG com.jxt.dao.TestMapper.connectMysql - ==> Parameters: 
2017-11-23 15:10:00.011 [pool-1-thread-1] DEBUG com.jxt.dao.TestMapper.connectMysql - <==      Total: 1
2017-11-23 15:11:00.003 [pool-1-thread-1] DEBUG com.jxt.dao.TestMapper.connectMysql - ==>  Preparing: select 1 from dual 
2017-11-23 15:11:00.004 [pool-1-thread-1] DEBUG com.jxt.dao.TestMapper.connectMysql - ==> Parameters: 
2017-11-23 15:11:00.011 [pool-1-thread-1] DEBUG com.jxt.dao.TestMapper.connectMysql - <==      Total: 1
2017-11-23 15:12:00.002 [pool-1-thread-1] DEBUG com.jxt.dao.TestMapper.connectMysql - ==>  Preparing: select 1 from dual 
2017-11-23 15:12:00.002 [pool-1-thread-1] DEBUG com.jxt.dao.TestMapper.connectMysql - ==> Parameters: 
2017-11-23 15:12:00.010 [pool-1-thread-1] DEBUG com.jxt.dao.TestMapper.connectMysql - <==      Total: 1
2017-11-23 15:13:00.003 [pool-1-thread-1] DEBUG com.jxt.dao.TestMapper.connectMysql - ==>  Preparing: select 1 from dual 
2017-11-23 15:13:00.004 [pool-1-thread-1] DEBUG com.jxt.dao.TestMapper.connectMysql - ==> Parameters: 
2017-11-23 15:13:00.020 [pool-1-thread-1] DEBUG com.jxt.dao.TestMapper.connectMysql - <==      Total: 1
2017-11-23 15:14:00.002 [pool-1-thread-1] DEBUG com.jxt.dao.TestMapper.connectMysql - ==>  Preparing: select 1 from dual 
2017-11-23 15:14:00.004 [pool-1-thread-1] DEBUG com.jxt.dao.TestMapper.connectMysql - ==> Parameters: 
2017-11-23 15:14:00.013 [pool-1-thread-1] DEBUG com.jxt.dao.TestMapper.connectMysql - <==      Total: 1
2017-11-23 15:15:00.004 [pool-1-thread-1] DEBUG com.jxt.dao.TestMapper.connectMysql - ==>  Preparing: select 1 from dual 
2017-11-23 15:15:00.008 [pool-1-thread-1] DEBUG com.jxt.dao.TestMapper.connectMysql - ==> Parameters: 
2017-11-23 15:15:00.023 [pool-1-thread-1] DEBUG com.jxt.dao.TestMapper.connectMysql - <==      Total: 1
2017-11-23 15:16:00.002 [pool-1-thread-1] DEBUG com.jxt.dao.TestMapper.connectMysql - ==>  Preparing: select 1 from dual 
2017-11-23 15:16:00.003 [pool-1-thread-1] DEBUG com.jxt.dao.TestMapper.connectMysql - ==> Parameters: 
2017-11-23 15:16:00.013 [pool-1-thread-1] DEBUG com.jxt.dao.TestMapper.connectMysql - <==      Total: 1
2017-11-23 15:17:00.003 [pool-1-thread-1] DEBUG com.jxt.dao.TestMapper.connectMysql - ==>  Preparing: select 1 from dual 
2017-11-23 15:17:00.005 [pool-1-thread-1] DEBUG com.jxt.dao.TestMapper.connectMysql - ==> Parameters: 
2017-11-23 15:17:00.016 [pool-1-thread-1] DEBUG com.jxt.dao.TestMapper.connectMysql - <==      Total: 1
2017-11-23 15:18:00.003 [pool-1-thread-1] DEBUG com.jxt.dao.TestMapper.connectMysql - ==>  Preparing: select 1 from dual 
2017-11-23 15:18:00.004 [pool-1-thread-1] DEBUG com.jxt.dao.TestMapper.connectMysql - ==> Parameters: 
2017-11-23 15:18:00.016 [pool-1-thread-1] DEBUG com.jxt.dao.TestMapper.connectMysql - <==      Total: 1
2017-11-23 15:19:00.005 [pool-1-thread-1] DEBUG com.jxt.dao.TestMapper.connectMysql - ==>  Preparing: select 1 from dual 
2017-11-23 15:19:00.007 [pool-1-thread-1] DEBUG com.jxt.dao.TestMapper.connectMysql - ==> Parameters: 
2017-11-23 15:19:00.017 [pool-1-thread-1] DEBUG com.jxt.dao.TestMapper.connectMysql - <==      Total: 1
2017-11-23 15:20:00.003 [pool-1-thread-1] DEBUG com.jxt.dao.TestMapper.connectMysql - ==>  Preparing: select 1 from dual 
2017-11-23 15:20:00.005 [pool-1-thread-1] DEBUG com.jxt.dao.TestMapper.connectMysql - ==> Parameters: 
2017-11-23 15:20:00.014 [pool-1-thread-1] DEBUG com.jxt.dao.TestMapper.connectMysql - <==      Total: 1
2017-11-23 15:21:00.002 [pool-1-thread-1] DEBUG com.jxt.dao.TestMapper.connectMysql - ==>  Preparing: select 1 from dual 
2017-11-23 15:21:00.004 [pool-1-thread-1] DEBUG com.jxt.dao.TestMapper.connectMysql - ==> Parameters: 
2017-11-23 15:21:00.013 [pool-1-thread-1] DEBUG com.jxt.dao.TestMapper.connectMysql - <==      Total: 1
2017-11-23 15:22:00.004 [pool-1-thread-1] DEBUG com.jxt.dao.TestMapper.connectMysql - ==>  Preparing: select 1 from dual 
2017-11-23 15:22:00.006 [pool-1-thread-1] DEBUG com.jxt.dao.TestMapper.connectMysql - ==> Parameters: 
2017-11-23 15:22:00.017 [pool-1-thread-1] DEBUG com.jxt.dao.TestMapper.connectMysql - <==      Total: 1
2017-11-23 15:23:00.002 [pool-1-thread-1] DEBUG com.jxt.dao.TestMapper.connectMysql - ==>  Preparing: select 1 from dual 
2017-11-23 15:23:00.003 [pool-1-thread-1] DEBUG com.jxt.dao.TestMapper.connectMysql - ==> Parameters: 
2017-11-23 15:23:00.013 [pool-1-thread-1] DEBUG com.jxt.dao.TestMapper.connectMysql - <==      Total: 1
2017-11-23 15:24:00.003 [pool-1-thread-1] DEBUG com.jxt.dao.TestMapper.connectMysql - ==>  Preparing: select 1 from dual 
2017-11-23 15:24:00.005 [pool-1-thread-1] DEBUG com.jxt.dao.TestMapper.connectMysql - ==> Parameters: 
2017-11-23 15:24:00.016 [pool-1-thread-1] DEBUG com.jxt.dao.TestMapper.connectMysql - <==      Total: 1
2017-11-23 15:25:00.002 [pool-1-thread-1] DEBUG com.jxt.dao.TestMapper.connectMysql - ==>  Preparing: select 1 from dual 
2017-11-23 15:25:00.004 [pool-1-thread-1] DEBUG com.jxt.dao.TestMapper.connectMysql - ==> Parameters: 
2017-11-23 15:25:00.014 [pool-1-thread-1] DEBUG com.jxt.dao.TestMapper.connectMysql - <==      Total: 1
2017-11-23 15:26:00.002 [pool-1-thread-1] DEBUG com.jxt.dao.TestMapper.connectMysql - ==>  Preparing: select 1 from dual 
2017-11-23 15:26:00.004 [pool-1-thread-1] DEBUG com.jxt.dao.TestMapper.connectMysql - ==> Parameters: 
2017-11-23 15:26:00.015 [pool-1-thread-1] DEBUG com.jxt.dao.TestMapper.connectMysql - <==      Total: 1
2017-11-23 15:27:00.003 [pool-1-thread-1] DEBUG com.jxt.dao.TestMapper.connectMysql - ==>  Preparing: select 1 from dual 
2017-11-23 15:27:00.005 [pool-1-thread-1] DEBUG com.jxt.dao.TestMapper.connectMysql - ==> Parameters: 
2017-11-23 15:27:00.016 [pool-1-thread-1] DEBUG com.jxt.dao.TestMapper.connectMysql - <==      Total: 1
2017-11-23 15:28:00.006 [pool-1-thread-1] DEBUG com.jxt.dao.TestMapper.connectMysql - ==>  Preparing: select 1 from dual 
2017-11-23 15:28:00.008 [pool-1-thread-1] DEBUG com.jxt.dao.TestMapper.connectMysql - ==> Parameters: 
2017-11-23 15:28:00.019 [pool-1-thread-1] DEBUG com.jxt.dao.TestMapper.connectMysql - <==      Total: 1
2017-11-23 15:29:00.002 [pool-1-thread-1] DEBUG com.jxt.dao.TestMapper.connectMysql - ==>  Preparing: select 1 from dual 
2017-11-23 15:29:00.003 [pool-1-thread-1] DEBUG com.jxt.dao.TestMapper.connectMysql - ==> Parameters: 
2017-11-23 15:29:00.012 [pool-1-thread-1] DEBUG com.jxt.dao.TestMapper.connectMysql - <==      Total: 1
2017-11-23 15:30:00.004 [pool-1-thread-1] DEBUG com.jxt.dao.TestMapper.connectMysql - ==>  Preparing: select 1 from dual 
2017-11-23 15:30:00.005 [pool-1-thread-1] DEBUG com.jxt.dao.TestMapper.connectMysql - ==> Parameters: 
2017-11-23 15:30:00.015 [pool-1-thread-1] DEBUG com.jxt.dao.TestMapper.connectMysql - <==      Total: 1
2017-11-23 15:31:00.003 [pool-1-thread-1] DEBUG com.jxt.dao.TestMapper.connectMysql - ==>  Preparing: select 1 from dual 
2017-11-23 15:31:00.005 [pool-1-thread-1] DEBUG com.jxt.dao.TestMapper.connectMysql - ==> Parameters: 
2017-11-23 15:31:00.015 [pool-1-thread-1] DEBUG com.jxt.dao.TestMapper.connectMysql - <==      Total: 1
2017-11-23 15:32:00.002 [pool-1-thread-1] DEBUG com.jxt.dao.TestMapper.connectMysql - ==>  Preparing: select 1 from dual 
2017-11-23 15:32:00.004 [pool-1-thread-1] DEBUG com.jxt.dao.TestMapper.connectMysql - ==> Parameters: 
2017-11-23 15:32:00.013 [pool-1-thread-1] DEBUG com.jxt.dao.TestMapper.connectMysql - <==      Total: 1
2017-11-23 15:33:00.005 [pool-1-thread-1] DEBUG com.jxt.dao.TestMapper.connectMysql - ==>  Preparing: select 1 from dual 
2017-11-23 15:33:00.007 [pool-1-thread-1] DEBUG com.jxt.dao.TestMapper.connectMysql - ==> Parameters: 
2017-11-23 15:33:00.017 [pool-1-thread-1] DEBUG com.jxt.dao.TestMapper.connectMysql - <==      Total: 1
2017-11-23 15:34:00.001 [pool-1-thread-1] DEBUG com.jxt.dao.TestMapper.connectMysql - ==>  Preparing: select 1 from dual 
2017-11-23 15:34:00.002 [pool-1-thread-1] DEBUG com.jxt.dao.TestMapper.connectMysql - ==> Parameters: 
2017-11-23 15:34:00.012 [pool-1-thread-1] DEBUG com.jxt.dao.TestMapper.connectMysql - <==      Total: 1
2017-11-23 15:35:00.002 [pool-1-thread-1] DEBUG com.jxt.dao.TestMapper.connectMysql - ==>  Preparing: select 1 from dual 
2017-11-23 15:35:00.006 [pool-1-thread-1] DEBUG com.jxt.dao.TestMapper.connectMysql - ==> Parameters: 
2017-11-23 15:35:00.022 [pool-1-thread-1] DEBUG com.jxt.dao.TestMapper.connectMysql - <==      Total: 1
2017-11-23 15:36:00.002 [pool-1-thread-1] DEBUG com.jxt.dao.TestMapper.connectMysql - ==>  Preparing: select 1 from dual 
2017-11-23 15:36:00.004 [pool-1-thread-1] DEBUG com.jxt.dao.TestMapper.connectMysql - ==> Parameters: 
2017-11-23 15:36:00.013 [pool-1-thread-1] DEBUG com.jxt.dao.TestMapper.connectMysql - <==      Total: 1
2017-11-23 15:37:00.004 [pool-1-thread-1] DEBUG com.jxt.dao.TestMapper.connectMysql - ==>  Preparing: select 1 from dual 
2017-11-23 15:37:00.006 [pool-1-thread-1] DEBUG com.jxt.dao.TestMapper.connectMysql - ==> Parameters: 
2017-11-23 15:37:00.016 [pool-1-thread-1] DEBUG com.jxt.dao.TestMapper.connectMysql - <==      Total: 1
2017-11-23 15:38:00.003 [pool-1-thread-1] DEBUG com.jxt.dao.TestMapper.connectMysql - ==>  Preparing: select 1 from dual 
2017-11-23 15:38:00.005 [pool-1-thread-1] DEBUG com.jxt.dao.TestMapper.connectMysql - ==> Parameters: 
2017-11-23 15:38:00.015 [pool-1-thread-1] DEBUG com.jxt.dao.TestMapper.connectMysql - <==      Total: 1
2017-11-23 15:39:00.002 [pool-1-thread-1] DEBUG com.jxt.dao.TestMapper.connectMysql - ==>  Preparing: select 1 from dual 
2017-11-23 15:39:00.003 [pool-1-thread-1] DEBUG com.jxt.dao.TestMapper.connectMysql - ==> Parameters: 
2017-11-23 15:39:00.013 [pool-1-thread-1] DEBUG com.jxt.dao.TestMapper.connectMysql - <==      Total: 1
2017-11-23 15:40:00.003 [pool-1-thread-1] DEBUG com.jxt.dao.TestMapper.connectMysql - ==>  Preparing: select 1 from dual 
2017-11-23 15:40:00.005 [pool-1-thread-1] DEBUG com.jxt.dao.TestMapper.connectMysql - ==> Parameters: 
2017-11-23 15:40:00.015 [pool-1-thread-1] DEBUG com.jxt.dao.TestMapper.connectMysql - <==      Total: 1
2017-11-23 15:41:00.002 [pool-1-thread-1] DEBUG com.jxt.dao.TestMapper.connectMysql - ==>  Preparing: select 1 from dual 
2017-11-23 15:41:00.004 [pool-1-thread-1] DEBUG com.jxt.dao.TestMapper.connectMysql - ==> Parameters: 
2017-11-23 15:41:00.016 [pool-1-thread-1] DEBUG com.jxt.dao.TestMapper.connectMysql - <==      Total: 1
2017-11-23 15:42:00.004 [pool-1-thread-1] DEBUG com.jxt.dao.TestMapper.connectMysql - ==>  Preparing: select 1 from dual 
2017-11-23 15:42:00.006 [pool-1-thread-1] DEBUG com.jxt.dao.TestMapper.connectMysql - ==> Parameters: 
2017-11-23 15:42:00.016 [pool-1-thread-1] DEBUG com.jxt.dao.TestMapper.connectMysql - <==      Total: 1
2017-11-23 15:43:00.003 [pool-1-thread-1] DEBUG com.jxt.dao.TestMapper.connectMysql - ==>  Preparing: select 1 from dual 
2017-11-23 15:43:00.004 [pool-1-thread-1] DEBUG com.jxt.dao.TestMapper.connectMysql - ==> Parameters: 
2017-11-23 15:43:00.016 [pool-1-thread-1] DEBUG com.jxt.dao.TestMapper.connectMysql - <==      Total: 1
2017-11-23 15:44:00.002 [pool-1-thread-1] DEBUG com.jxt.dao.TestMapper.connectMysql - ==>  Preparing: select 1 from dual 
2017-11-23 15:44:00.006 [pool-1-thread-1] DEBUG com.jxt.dao.TestMapper.connectMysql - ==> Parameters: 
2017-11-23 15:44:00.015 [pool-1-thread-1] DEBUG com.jxt.dao.TestMapper.connectMysql - <==      Total: 1
2017-11-23 15:45:00.003 [pool-1-thread-1] DEBUG com.jxt.dao.TestMapper.connectMysql - ==>  Preparing: select 1 from dual 
2017-11-23 15:45:00.004 [pool-1-thread-1] DEBUG com.jxt.dao.TestMapper.connectMysql - ==> Parameters: 
2017-11-23 15:45:00.023 [pool-1-thread-1] DEBUG com.jxt.dao.TestMapper.connectMysql - <==      Total: 1
2017-11-23 15:46:00.002 [pool-1-thread-1] DEBUG com.jxt.dao.TestMapper.connectMysql - ==>  Preparing: select 1 from dual 
2017-11-23 15:46:00.003 [pool-1-thread-1] DEBUG com.jxt.dao.TestMapper.connectMysql - ==> Parameters: 
2017-11-23 15:46:00.014 [pool-1-thread-1] DEBUG com.jxt.dao.TestMapper.connectMysql - <==      Total: 1
2017-11-23 15:47:00.002 [pool-1-thread-1] DEBUG com.jxt.dao.TestMapper.connectMysql - ==>  Preparing: select 1 from dual 
2017-11-23 15:47:00.002 [pool-1-thread-1] DEBUG com.jxt.dao.TestMapper.connectMysql - ==> Parameters: 
2017-11-23 15:47:00.010 [pool-1-thread-1] DEBUG com.jxt.dao.TestMapper.connectMysql - <==      Total: 1
2017-11-23 15:48:00.002 [pool-1-thread-1] DEBUG com.jxt.dao.TestMapper.connectMysql - ==>  Preparing: select 1 from dual 
2017-11-23 15:48:00.003 [pool-1-thread-1] DEBUG com.jxt.dao.TestMapper.connectMysql - ==> Parameters: 
2017-11-23 15:48:00.012 [pool-1-thread-1] DEBUG com.jxt.dao.TestMapper.connectMysql - <==      Total: 1
2017-11-23 15:49:00.005 [pool-1-thread-1] DEBUG com.jxt.dao.TestMapper.connectMysql - ==>  Preparing: select 1 from dual 
2017-11-23 15:49:00.007 [pool-1-thread-1] DEBUG com.jxt.dao.TestMapper.connectMysql - ==> Parameters: 
2017-11-23 15:49:00.014 [pool-1-thread-1] DEBUG com.jxt.dao.TestMapper.connectMysql - <==      Total: 1
2017-11-23 15:50:00.001 [pool-1-thread-1] DEBUG com.jxt.dao.TestMapper.connectMysql - ==>  Preparing: select 1 from dual 
2017-11-23 15:50:00.001 [pool-1-thread-1] DEBUG com.jxt.dao.TestMapper.connectMysql - ==> Parameters: 
2017-11-23 15:50:00.013 [pool-1-thread-1] DEBUG com.jxt.dao.TestMapper.connectMysql - <==      Total: 1
2017-11-23 15:51:00.001 [pool-1-thread-1] DEBUG com.jxt.dao.TestMapper.connectMysql - ==>  Preparing: select 1 from dual 
2017-11-23 15:51:00.002 [pool-1-thread-1] DEBUG com.jxt.dao.TestMapper.connectMysql - ==> Parameters: 
2017-11-23 15:51:00.009 [pool-1-thread-1] DEBUG com.jxt.dao.TestMapper.connectMysql - <==      Total: 1
2017-11-23 15:52:00.002 [pool-1-thread-1] DEBUG com.jxt.dao.TestMapper.connectMysql - ==>  Preparing: select 1 from dual 
2017-11-23 15:52:00.003 [pool-1-thread-1] DEBUG com.jxt.dao.TestMapper.connectMysql - ==> Parameters: 
2017-11-23 15:52:00.011 [pool-1-thread-1] DEBUG com.jxt.dao.TestMapper.connectMysql - <==      Total: 1
2017-11-23 15:53:00.002 [pool-1-thread-1] DEBUG com.jxt.dao.TestMapper.connectMysql - ==>  Preparing: select 1 from dual 
2017-11-23 15:53:00.005 [pool-1-thread-1] DEBUG com.jxt.dao.TestMapper.connectMysql - ==> Parameters: 
2017-11-23 15:53:00.014 [pool-1-thread-1] DEBUG com.jxt.dao.TestMapper.connectMysql - <==      Total: 1
2017-11-23 15:54:00.003 [pool-1-thread-1] DEBUG com.jxt.dao.TestMapper.connectMysql - ==>  Preparing: select 1 from dual 
2017-11-23 15:54:00.005 [pool-1-thread-1] DEBUG com.jxt.dao.TestMapper.connectMysql - ==> Parameters: 
2017-11-23 15:54:00.014 [pool-1-thread-1] DEBUG com.jxt.dao.TestMapper.connectMysql - <==      Total: 1
2017-11-23 15:55:00.010 [pool-1-thread-1] DEBUG com.jxt.dao.TestMapper.connectMysql - ==>  Preparing: select 1 from dual 
2017-11-23 15:55:00.012 [pool-1-thread-1] DEBUG com.jxt.dao.TestMapper.connectMysql - ==> Parameters: 
2017-11-23 15:55:00.020 [pool-1-thread-1] DEBUG com.jxt.dao.TestMapper.connectMysql - <==      Total: 1
2017-11-23 15:56:00.007 [pool-1-thread-1] DEBUG com.jxt.dao.TestMapper.connectMysql - ==>  Preparing: select 1 from dual 
2017-11-23 15:56:00.009 [pool-1-thread-1] DEBUG com.jxt.dao.TestMapper.connectMysql - ==> Parameters: 
2017-11-23 15:56:00.022 [pool-1-thread-1] DEBUG com.jxt.dao.TestMapper.connectMysql - <==      Total: 1
